     480.0       548    0.0000
   5.133   4.406   3.063   2.083   0.664   0.345   0.186   0.066   0.020   0.000
   0.000   0.000   0.000 -52.800   0.000   0.000   0.000   0.000   0.000   0.000
   0.000   0.000   0.000   3.916   0.000   0.000   0.000   0.000   0.000   0.000
  0.1593  0.5359  0.6551  0.7763  0.9872  0.9871  0.9870  0.9868  0.9866  0.9863
     -0.2142E+04     -0.6362E+02     -0.3456E+02     -0.1976E+02     -0.1870E+02
     -0.1879E+02     -0.1890E+02     -0.1899E+02     -0.1921E+02     -0.1941E+02
     103.232         2.18044         21.8196         21.8615        -32.9185    
       32.876566       -0.041964       -0.43E-13
     480.000       73   72
     1320.56         1425.10         63.7700        0.497164         0.00000        -528.000    
     143.669         0.00000        -528.000         102.405    
     320.561         425.098       -0.227374E-12     0.00000    
   3.639   7.964   5.995   4.253   8.480   8.920   9.129   8.895   6.577   3.263
  10.853  12.270   9.847   8.009  19.201  15.180   9.460   4.788   0.949   0.119
   0.000   0.000   0.000   0.000   0.000   0.000   0.000   0.000   0.000   0.000
   0.000   0.000   0.000-528.000   0.000   0.000   0.000   0.000   0.000   0.000
   0.000   0.000   0.000 143.669   0.000   0.000   0.000   0.000   0.000   0.000
   0.000   0.000   0.000   0.000   0.000   0.000   0.000   0.000   0.000   0.000
   0.000   0.000   0.000-528.000   0.000   0.000   0.000   0.000   0.000   0.000
   0.000   0.000   0.000 102.405   0.000   0.000   0.000   0.000   0.000   0.000
execution time (s) :    0.012
