  24.  279    0.5000    0.8665    0.9727   89.6394    0.6000   23.4000    0.0025    0.4270    3.6862  861.1912  901.3727  138.8088   98.6273
  48.  335    0.5250    0.5159    0.5798   88.1181    1.1700   22.8300    0.0051    1.0220    4.0400  851.4461  893.9507  148.5539  106.0493
  72.  345    0.5498    0.3977    0.4811   86.9911    1.6561   22.3439    0.0076    1.6603    4.0400  851.4461  893.9507  148.5539  106.0493
  96.  350    0.5744    0.3367    0.4220   86.1288    1.8293   22.1707    0.0103    2.3467    4.0400  851.4461  893.9507  148.5539  106.0493
 120.  353    0.5987    0.2829    0.3750   85.3297    1.9071   22.0929    0.0133    3.0651    4.0400  851.4461  893.9507  148.5539  106.0493
 144.  355    0.6225    0.2283    0.3320   84.5418    1.9453   22.0547    0.0171    3.8110    4.0400  851.4461  893.9507  148.5539  106.0493
 168.  357    0.6457    0.1718    0.2895   83.7457    1.9679   22.0321    0.0219    4.5797    4.0400  851.4460  893.9507  148.5539  106.0493
 192.  443    0.6682    0.6800    0.6453   87.4100    2.2952   21.7048    0.0285    5.3815   -0.7600  899.4457  941.9507  100.5539   58.0493
 216.  462    0.6900    0.4431    0.4916   86.2011    2.6672   21.3328    0.0374    6.2095   -0.7600  899.4453  941.9507  100.5539   58.0493
 240.  467    0.7109    0.3345    0.4089   85.0809    2.9226   21.0774    0.0491    7.0626   -0.7600  899.4446  941.9507  100.5539   58.0493
 264.  469    0.7311    0.2598    0.3481   84.1152    2.9960   21.0040    0.0641    7.9398   -0.7600  899.4435  941.9507  100.5539   58.0493
 288.  470    0.7503    0.1880    0.2933   83.1714    3.0253   20.9747    0.0829    8.8356   -0.7600  899.4419  941.9507  100.5539   58.0493
 312.  557    0.7685    0.6708    0.6458   86.7880    3.2634   20.7366    0.1059    9.7579   -5.5600  947.4397  989.9507   52.5539   10.0493
 336.  574    0.7858    0.4431    0.4884   85.5606    3.5204   20.4796    0.1332   10.7009   -5.5600  947.4367  989.9507   52.5539   10.0493
 360.  578    0.8022    0.3242    0.3997   84.3337    3.7530   20.2470    0.1649   11.6635   -5.5600  947.4330  989.9507   52.5539   10.0493
 384.  580    0.8176    0.2385    0.3323   83.2537    3.8170   20.1830    0.2009   12.6436   -5.5600  947.4285  989.9507   52.5539   10.0493
 408.  581    0.8320    0.1578    0.2709   82.2025    3.8412   20.1588    0.2409   13.6306   -5.5600  947.4232  989.9507   52.5539   10.0493
 432.  671    0.8455    0.6592    0.6333   85.7847    4.0005   19.9995    0.2846   14.6453  -10.3600  995.4170 1037.9507    4.5539  -37.9507
 456.  687    0.8581    0.4364    0.4773   84.5377    4.1708   19.8292    0.3317   15.6750  -10.3600  995.4100 1037.9507    4.5539  -37.9507
 480.  690    0.8699    0.3206    0.3865   83.2879    4.3269   19.6731    0.3815   16.7189  -10.3600  995.4024 1037.9507    4.5539  -37.9507
     480.0       690    0.0000
   5.621   3.903   2.708   1.861   1.445   0.665   0.347   0.125   0.043   0.000
  0.3206  0.3865  0.4072  0.3808  0.7781  0.7925  0.8060  0.8144  0.8202  0.8054
     -0.2878E+03     -0.1668E+03     -0.1432E+03     -0.1742E+03     -0.2023E+03
     -0.1795E+03     -0.1604E+03     -0.1495E+03     -0.1425E+03     -0.1611E+03
     83.2879         4.32690         19.6731        0.381463         16.7189    
    -10.3600    
       12.932719       19.291641        0.36E-13
     480.000       87   86
     995.402         1037.95        0.437473E-01    0.627359E-04     4.55389        -37.9507    
    -4.59764         37.9507       -0.150990E-13   -0.163425E-12
   7.334   7.632   8.232   7.945  14.535   9.634   5.598   2.958   0.660   0.076
  11.892  12.259  12.531  11.662  19.964   6.147   1.348   0.239   0.014   0.000
-144.000   0.000   0.000 148.554   0.000   0.000   0.000   0.000   0.000   0.000
-144.000   0.000   0.000 106.049   0.000   0.000   0.000   0.000   0.000   0.000
execution time (s) :    0.008
