  24.  291    0.5000    1.0005    1.0006   90.7618    0.6000   20.8458    0.0025    0.4366
  48.  370    0.5250    0.5620    0.6307   92.1412    1.1700   22.8300    0.0051    1.0389
  72.  387    0.5498    0.4297    0.5090   90.9692    1.7102   22.2898    0.0078    1.6680
  96.  392    0.5744    0.3564    0.4409   90.0392    1.9576   22.0424    0.0120    2.3463
 120.  396    0.5987    0.3006    0.3907   89.2103    2.0594   21.9406    0.0220    3.0635
 144.  399    0.6225    0.2459    0.3464   88.3924    2.1073   21.8927    0.0456    3.8099
 168.  402    0.6457    0.1891    0.3036   87.5484    2.1332   21.8668    0.0927    4.5809
 192.  404    0.6682    0.1331    0.2599   86.6652    2.1521   21.8479    0.1718    5.3660
 216.  406    0.6900    0.0945    0.2108   85.7600    2.1700   21.8300    0.2855    6.1397
 240.  407    0.7109    0.0722    0.1535   84.7867    2.1880   21.8120    0.4292    6.9512
 264.  408    0.7311    0.0644    0.1037   83.8138    2.2060   21.7940    0.5957    7.7396
 288.  410    0.7503    0.0599    0.0780   82.7574    2.2240   21.7760    0.7758    8.5980
 312.  412    0.7685    0.0554    0.0652   81.7414    2.2420   21.7580    0.9611    9.4107
 336.  414    0.7858    0.0510    0.0628   80.6851    2.2599   21.7401    1.1455   10.2647
 360.  415    0.8022    0.0466    0.0618   79.6794    2.2777   21.7223    1.3250   11.0732
 384.  416    0.8176    0.0422    0.0612   78.6307    2.2954   21.7046    1.4968   11.9323
 408.  417    0.8320    0.0379    0.0609   77.5888    2.3128   21.6872    1.6602   12.7933
 432.  418    0.8455    0.0337    0.0607   76.5102    2.3301   21.6699    1.8144   13.7006
 456.  419    0.8581    0.0297    0.0605   75.4131    2.3469   21.6531    1.9585   14.6367
 480.  420    0.8699    0.0259    0.0602   74.3020    2.3631   21.6369    2.0938   15.5962
     480.0       420    0.0000
   1.755   2.004   2.013   2.187   4.131   1.824   1.207   0.334   0.141   0.000
  0.0259  0.0602  0.0608  0.0615  0.5300  0.6944  0.7627  0.7969  0.8269  0.8422
     -0.2241E+06     -0.3013E+05     -0.2942E+05     -0.2853E+05     -0.1983E+04
     -0.4135E+03     -0.2300E+03     -0.1730E+03     -0.1348E+03     -0.1185E+03
     74.3020         2.36314         21.6369         2.09376         15.5962    
        3.946855       19.543103        0.00E+00
execution time (s) :    0.004
