  24.  292    0.5000    1.0005    1.0006   90.8775    0.6000   21.0606    0.0025    0.5358
  48.  372    0.5250    0.5924    0.6508   92.0632    1.1700   22.8300    0.0051    1.1169
  72.  390    0.5498    0.4545    0.5279   90.9075    1.6953   22.3047    0.0078    1.7447
  96.  398    0.5744    0.3808    0.4592   89.9923    1.9365   22.0635    0.0117    2.4147
 120.  404    0.5987    0.3248    0.4090   89.1693    2.0357   21.9643    0.0200    3.1302
 144.  410    0.6225    0.2698    0.3650   88.3575    2.0820   21.9180    0.0386    3.8771
 168.  416    0.6457    0.2118    0.3225   87.5228    2.1072   21.8928    0.0750    4.6502
 192.  422    0.6682    0.1521    0.2794   86.6505    2.1259   21.8741    0.1363    5.4425
 216.  428    0.6900    0.0986    0.2334   85.7518    2.1438   21.8562    0.2259    6.2336
 240.  434    0.7109    0.0702    0.1804   84.8544    2.1618   21.8382    0.3425    6.9964
 264.  440    0.7311    0.0620    0.1212   83.9083    2.1798   21.8202    0.4811    7.7860
 288.  446    0.7503    0.0575    0.0779   82.9282    2.1978   21.8022    0.6347    8.5944
 312.  453    0.7685    0.0530    0.0658   81.9535    2.2157   21.7843    0.7967    9.3893
 336.  459    0.7858    0.0486    0.0628   80.9946    2.2336   21.7664    0.9613   10.1657
 360.  466    0.8022    0.0442    0.0617   80.0249    2.2513   21.7487    1.1244   10.9546
 384.  472    0.8176    0.0398    0.0612   79.0534    2.2689   21.7311    1.2832   11.7497
 408.  476    0.8320    0.0356    0.0608   78.1119    2.2863   21.7137    1.4357   12.5213
 432.  480    0.8455    0.0315    0.0606   77.1037    2.3033   21.6967    1.5807   13.3674
 456.  485    0.8581    0.0276    0.0604   76.0416    2.3198   21.6802    1.7183   14.2755
 480.  490    0.8699    0.0239    0.0601   74.9453    2.3357   21.6643    1.8477   15.2265
     480.0       490    0.0000
   1.989   2.147   2.096   2.230   3.748   1.705   0.890   0.297   0.125   0.000
  0.0239  0.0601  0.0608  0.0618  0.5650  0.7092  0.7687  0.7991  0.8267  0.8406
     -0.2644E+06     -0.3035E+05     -0.2943E+05     -0.2816E+05     -0.1389E+04
     -0.3633E+03     -0.2188E+03     -0.1698E+03     -0.1351E+03     -0.1202E+03
     74.9453         2.33569         21.6643         1.84771         15.2265    
        4.590098       19.816602        0.21E-13
execution time (s) :    0.008
